0 info it worked if it ends with ok
1 verbose cli [ '/usr/local/Cellar/node/6.3.1/bin/node',
1 verbose cli   '/usr/local/bin/npm',
1 verbose cli   'publish' ]
2 info using npm@3.10.10
3 info using node@v6.3.1
4 verbose publish [ '.' ]
5 silly cache add args [ '.', null ]
6 verbose cache add spec .
7 silly cache add parsed spec Result {
7 silly cache add   raw: '.',
7 silly cache add   scope: null,
7 silly cache add   escapedName: null,
7 silly cache add   name: null,
7 silly cache add   rawSpec: '.',
7 silly cache add   spec: '/Users/joshh/Work/serverless-to-json',
7 silly cache add   type: 'directory' }
8 verbose addLocalDirectory /Users/joshh/.npm/serverless-to-json/1.0.0/package.tgz not in flight; packing
9 verbose correctMkdir /Users/joshh/.npm correctMkdir not in flight; initializing
10 info lifecycle serverless-to-json@1.0.0~prepublish: serverless-to-json@1.0.0
11 silly lifecycle serverless-to-json@1.0.0~prepublish: no script for prepublish, continuing
12 verbose tar pack [ '/Users/joshh/.npm/serverless-to-json/1.0.0/package.tgz',
12 verbose tar pack   '/Users/joshh/Work/serverless-to-json' ]
13 verbose tarball /Users/joshh/.npm/serverless-to-json/1.0.0/package.tgz
14 verbose folder /Users/joshh/Work/serverless-to-json
15 verbose addLocalTarball adding from inside cache /Users/joshh/.npm/serverless-to-json/1.0.0/package.tgz
16 verbose correctMkdir /Users/joshh/.npm correctMkdir not in flight; initializing
17 silly cache afterAdd serverless-to-json@1.0.0
18 verbose afterAdd /Users/joshh/.npm/serverless-to-json/1.0.0/package/package.json not in flight; writing
19 verbose correctMkdir /Users/joshh/.npm correctMkdir not in flight; initializing
20 verbose afterAdd /Users/joshh/.npm/serverless-to-json/1.0.0/package/package.json written
21 silly publish { name: 'serverless-to-json',
21 silly publish   version: '1.0.0',
21 silly publish   description: 'Exports a serverless configuration to Json on the terminal.',
21 silly publish   main: 'index.js',
21 silly publish   scripts: { test: 'echo "Error: no test specified" && exit 1' },
21 silly publish   author: { name: 'Joshua Hansen' },
21 silly publish   license: 'MIT',
21 silly publish   dependencies: {},
21 silly publish   readme: '# Serverless Config As Json\n\n[![serverless](http://public.serverless.com/badges/v3.svg)](http://www.serverless.com)\n\nServerless plugin to export a resolved serverless.yml configuration to Json on the terminal.\n\nIntended to be used as part of a serverless toolchain.\n\n```\n# Export the entire configuration\nsls toJson\n\n# Export a single key\nsls toJson -k environment\n\n# Export multiple keys\nsls toJson -k environment,resources\n```\n\n',
21 silly publish   readmeFilename: 'README.md',
21 silly publish   gitHead: '70185fb322bb7f82b2717e88beca8da0863ab9c3',
21 silly publish   _id: 'serverless-to-json@1.0.0',
21 silly publish   _shasum: '8845d1fc48fd9c741d9baf6e747cd9e5f72890fb',
21 silly publish   _from: '.' }
22 verbose getPublishConfig undefined
23 silly mapToRegistry name serverless-to-json
24 silly mapToRegistry using default registry
25 silly mapToRegistry registry https://registry.npmjs.org/
26 silly mapToRegistry data Result {
26 silly mapToRegistry   raw: 'serverless-to-json',
26 silly mapToRegistry   scope: null,
26 silly mapToRegistry   escapedName: 'serverless-to-json',
26 silly mapToRegistry   name: 'serverless-to-json',
26 silly mapToRegistry   rawSpec: '',
26 silly mapToRegistry   spec: 'latest',
26 silly mapToRegistry   type: 'tag' }
27 silly mapToRegistry uri https://registry.npmjs.org/serverless-to-json
28 verbose publish registryBase https://registry.npmjs.org/
29 silly publish uploading /Users/joshh/.npm/serverless-to-json/1.0.0/package.tgz
30 verbose request uri https://registry.npmjs.org/serverless-to-json
31 verbose request sending authorization for write operation
32 info attempt registry request try #1 at 11:11:27 AM
33 verbose request using bearer token for auth
34 verbose request id e582f1a77b114257
35 http request PUT https://registry.npmjs.org/serverless-to-json
36 info retry will retry, error on last attempt: Error: getaddrinfo ENOTFOUND registry.npmjs.org registry.npmjs.org:443
37 info attempt registry request try #2 at 11:12:07 AM
38 verbose request using bearer token for auth
39 http request PUT https://registry.npmjs.org/serverless-to-json
40 http 403 https://registry.npmjs.org/serverless-to-json
41 verbose headers { 'content-type': 'application/json',
41 verbose headers   'cache-control': 'max-age=300',
41 verbose headers   'content-length': '95',
41 verbose headers   'accept-ranges': 'bytes',
41 verbose headers   date: 'Sun, 19 Feb 2017 19:12:07 GMT',
41 verbose headers   via: '1.1 varnish',
41 verbose headers   connection: 'keep-alive',
41 verbose headers   'x-served-by': 'cache-sea1051-SEA',
41 verbose headers   'x-cache': 'MISS',
41 verbose headers   'x-cache-hits': '0',
41 verbose headers   'x-timer': 'S1487531527.615097,VS0,VE73',
41 verbose headers   vary: 'Accept-Encoding' }
42 verbose request invalidating /Users/joshh/.npm/registry.npmjs.org/serverless-to-json on PUT
43 error publish Failed PUT 403
44 verbose stack Error: "You cannot publish over the previously published version 1.0.0." : serverless-to-json
44 verbose stack     at makeError (/usr/local/lib/node_modules/npm/node_modules/npm-registry-client/lib/request.js:302:12)
44 verbose stack     at CachingRegistryClient.<anonymous> (/usr/local/lib/node_modules/npm/node_modules/npm-registry-client/lib/request.js:290:14)
44 verbose stack     at Request._callback (/usr/local/lib/node_modules/npm/node_modules/npm-registry-client/lib/request.js:210:14)
44 verbose stack     at Request.self.callback (/usr/local/lib/node_modules/npm/node_modules/request/request.js:187:22)
44 verbose stack     at emitTwo (events.js:106:13)
44 verbose stack     at Request.emit (events.js:191:7)
44 verbose stack     at Request.<anonymous> (/usr/local/lib/node_modules/npm/node_modules/request/request.js:1048:10)
44 verbose stack     at emitOne (events.js:96:13)
44 verbose stack     at Request.emit (events.js:188:7)
44 verbose stack     at IncomingMessage.<anonymous> (/usr/local/lib/node_modules/npm/node_modules/request/request.js:969:12)
45 verbose statusCode 403
46 verbose pkgid serverless-to-json
47 verbose cwd /Users/joshh/Work/serverless-to-json
48 error Darwin 15.6.0
49 error argv "/usr/local/Cellar/node/6.3.1/bin/node" "/usr/local/bin/npm" "publish"
50 error node v6.3.1
51 error npm  v3.10.10
52 error code E403
53 error "You cannot publish over the previously published version 1.0.0." : serverless-to-json
54 error If you need help, you may report this error at:
54 error     <https://github.com/npm/npm/issues>
55 verbose exit [ 1, true ]
